<?xml version="1.0" encoding="UTF-8"?>
<!-- Generated by org.testng.reporters.JUnitReportReporter -->
<testsuite skipped="0" hostname="LVLFCPAB000385" name="Pickup_Activity" tests="1" failures="0" timestamp="02 Aug 2017 21:14:04 GMT" time="3.089" errors="0">
  <testcase name="Send_Pickup" time="3.089" classname="Pickup_Activity"/>
</testsuite> <!-- Pickup_Activity -->
