<?xml version="1.0" encoding="UTF-8"?>
<!-- Generated by org.testng.reporters.JUnitReportReporter -->
<testsuite skipped="0" hostname="LVLFCPAB000385" name="Test_Package.Ujan_TC_1" tests="2" failures="0" timestamp="11 Aug 2017 03:44:12 GMT" time="29.303" errors="0">
  <testcase name="Validate_login" time="8.655" classname="Test_Package.Ujan_TC_1"/>
  <testcase name="init" time="20.648" classname="Test_Package.Ujan_TC_1"/>
</testsuite> <!-- Test_Package.Ujan_TC_1 -->
