<?xml version="1.0" encoding="UTF-8"?>
<!-- Generated by org.testng.reporters.JUnitReportReporter -->
<testsuite skipped="0" hostname="LVLFCPAB000385" name="Test_Package.Mobile_Checkpoint" tests="2" failures="0" timestamp="04 Aug 2017 13:52:27 GMT" time="59.021" errors="0">
  <testcase name="login" time="34.674" classname="Test_Package.Mobile_Checkpoint"/>
  <testcase name="init" time="24.347" classname="Test_Package.Mobile_Checkpoint"/>
</testsuite> <!-- Test_Package.Mobile_Checkpoint -->
