<?xml version="1.0" encoding="UTF-8"?>
<!-- Generated by org.testng.reporters.JUnitReportReporter -->
<testsuite skipped="0" hostname="LVLFCPAB000385" name="Test_Package.Pickup_Activity" tests="1" failures="0" timestamp="06 Nov 2017 17:35:35 GMT" time="12.902" errors="0">
  <testcase name="Send_Pickup" time="12.902" classname="Test_Package.Pickup_Activity"/>
</testsuite> <!-- Test_Package.Pickup_Activity -->
