<?xml version="1.0" encoding="UTF-8"?>
<!-- Generated by org.testng.reporters.JUnitReportReporter -->
<testsuite skipped="0" hostname="LVLFCPAB000385" name="Web_APP" tests="5" failures="0" timestamp="03 Aug 2017 17:30:39 GMT" time="29.485" errors="0">
  <testcase name="row_column_exercise" time="10.039" classname="Web_APP"/>
  <testcase name="login_portal" time="0.033" classname="Web_APP"/>
  <testcase name="test_init" time="14.150" classname="Web_APP"/>
  <testcase name="find_pickup" time="0.916" classname="Web_APP"/>
  <testcase name="enter_values" time="4.347" classname="Web_APP"/>
</testsuite> <!-- Web_APP -->
