<?xml version="1.0" encoding="UTF-8"?>
<!-- Generated by org.testng.reporters.JUnitReportReporter -->
<testsuite skipped="0" hostname="LVLFCPAB000385" name="Test_Package.Web_APP" tests="6" failures="0" timestamp="06 Nov 2017 17:35:35 GMT" time="47.297" errors="0">
  <testcase name="push_to_app" time="6.639" classname="Test_Package.Web_APP"/>
  <testcase name="select_pickup_tab" time="10.303" classname="Test_Package.Web_APP"/>
  <testcase name="row_column_exercise" time="5.492" classname="Test_Package.Web_APP"/>
  <testcase name="enter_values_for_login" time="7.872" classname="Test_Package.Web_APP"/>
  <testcase name="test_init" time="16.953" classname="Test_Package.Web_APP"/>
  <testcase name="login_portal" time="0.038" classname="Test_Package.Web_APP"/>
</testsuite> <!-- Test_Package.Web_APP -->
